\BOOKMARK [1][-]{section.1}{Planar Algebras}{}% 1
\BOOKMARK [2][-]{subsection.1.1}{Planar Tangles}{section.1}% 2
\BOOKMARK [2][-]{section*.2}{A Few Important Tangles}{section.1}% 3
\BOOKMARK [2][-]{subsection.1.2}{Planar Algebras}{section.1}% 4
\BOOKMARK [2][-]{section*.5}{Additional Stuff, Structure, Property}{section.1}% 5
\BOOKMARK [2][-]{subsection.1.3}{The Temperley-Lieb Planar Algebra}{section.1}% 6
\BOOKMARK [1][-]{section.2}{Trivalent Categories}{}% 7
\BOOKMARK [1][-]{section.3}{Perfect Tangles: Definition and Examples}{}% 8
\BOOKMARK [1][-]{section.4}{Perfect Tangles in Planar Algebras}{}% 9
\BOOKMARK [1][-]{section.5}{Simplifications in the Temperley-Lieb Planar Algebra}{}% 10
\BOOKMARK [1][-]{section.6}{On the Support of Perfect Temperley-Lieb Tangles}{}% 11
\BOOKMARK [1][-]{section.7}{Perfect Tangles in TL2 and the Braid Group Bn}{}% 12
\BOOKMARK [1][-]{section.8}{A Conjecture}{}% 13
\BOOKMARK [1][-]{section.9}{Some Explicit Examples}{}% 14
\BOOKMARK [2][-]{section*.11}{Keeping it Simple: TL}{section.9}% 15
\BOOKMARK [2][-]{section*.12}{Building Larger Tangles}{section.9}% 16
\BOOKMARK [2][-]{section*.13}{Some Simple Solutions in TL3}{section.9}% 17
\BOOKMARK [1][-]{section.10}{Perfect Morphisms in Trivalent Categories}{}% 18
\BOOKMARK [2][-]{section*.30}{Kuperberg's Spider G2}{section.10}% 19
\BOOKMARK [2][-]{section*.31}{In the Haagerup Fusion Category H3}{section.10}% 20
